2021-06-19 23:19:29 INFO  App:19 - Hello, Welcome to Task Management Service

2021-06-19 23:26:29 INFO  App:19 - Hello, Welcome to Task Management Service

2021-06-19 23:26:29 INFO  TaskService:33 - Please enter choice:
2021-06-19 23:26:29 INFO  TaskService:34 - 1.Create new task
2021-06-19 23:26:29 INFO  TaskService:35 - 2.Find task
2021-06-19 23:26:29 INFO  TaskService:36 - 3.Display all tasks
2021-06-19 23:26:29 INFO  TaskService:37 - 4.Delete task
2021-06-19 23:26:29 INFO  TaskService:38 - 5.Update task
2021-06-19 23:26:29 INFO  TaskService:39 - 6.Add Notes to task
2021-06-19 23:26:29 INFO  TaskService:40 - 7.Display Notes for task
2021-06-19 23:26:29 INFO  TaskService:41 - 8.Delete Notes for task
2021-06-19 23:26:29 INFO  TaskService:42 - 9.Update Notes in task
2021-06-19 23:26:29 INFO  TaskService:43 - 10.Exit
2021-06-19 23:26:53 INFO  TaskService:88 - Enter Task Title:
2021-06-19 23:27:08 INFO  TaskService:92 - Enter Start Date Time as dd/MM/yyyy HH:mm
2021-06-19 23:27:23 INFO  TaskService:94 - Enter End Date Time as dd/MM/yyyy HH:mm
2021-06-19 23:27:32 INFO  TaskService:121 - Enter Status
2021-06-19 23:27:38 INFO  TaskService:124 - Task has been created successfully with TaskId:101
2021-06-19 23:27:38 INFO  App:46 - Do you want to continue: y/n

2021-06-19 23:27:42 INFO  TaskService:33 - Please enter choice:
2021-06-19 23:27:42 INFO  TaskService:34 - 1.Create new task
2021-06-19 23:27:42 INFO  TaskService:35 - 2.Find task
2021-06-19 23:27:42 INFO  TaskService:36 - 3.Display all tasks
2021-06-19 23:27:42 INFO  TaskService:37 - 4.Delete task
2021-06-19 23:27:42 INFO  TaskService:38 - 5.Update task
2021-06-19 23:27:42 INFO  TaskService:39 - 6.Add Notes to task
2021-06-19 23:27:42 INFO  TaskService:40 - 7.Display Notes for task
2021-06-19 23:27:42 INFO  TaskService:41 - 8.Delete Notes for task
2021-06-19 23:27:42 INFO  TaskService:42 - 9.Update Notes in task
2021-06-19 23:27:42 INFO  TaskService:43 - 10.Exit
2021-06-19 23:27:53 INFO  TaskService:88 - Enter Task Title:
2021-06-19 23:27:57 INFO  TaskService:92 - Enter Start Date Time as dd/MM/yyyy HH:mm
2021-06-19 23:28:04 INFO  TaskService:94 - Enter End Date Time as dd/MM/yyyy HH:mm
2021-06-19 23:28:12 INFO  TaskService:121 - Enter Status
2021-06-19 23:28:15 INFO  TaskService:124 - Task has been created successfully with TaskId:102
2021-06-19 23:28:15 INFO  App:46 - Do you want to continue: y/n

2021-06-19 23:28:18 INFO  TaskService:33 - Please enter choice:
2021-06-19 23:28:18 INFO  TaskService:34 - 1.Create new task
2021-06-19 23:28:18 INFO  TaskService:35 - 2.Find task
2021-06-19 23:28:18 INFO  TaskService:36 - 3.Display all tasks
2021-06-19 23:28:18 INFO  TaskService:37 - 4.Delete task
2021-06-19 23:28:18 INFO  TaskService:38 - 5.Update task
2021-06-19 23:28:18 INFO  TaskService:39 - 6.Add Notes to task
2021-06-19 23:28:18 INFO  TaskService:40 - 7.Display Notes for task
2021-06-19 23:28:18 INFO  TaskService:41 - 8.Delete Notes for task
2021-06-19 23:28:18 INFO  TaskService:42 - 9.Update Notes in task
2021-06-19 23:28:18 INFO  TaskService:43 - 10.Exit
2021-06-19 23:28:19 INFO  TaskService:88 - Enter Task Title:
2021-06-19 23:28:32 INFO  TaskService:92 - Enter Start Date Time as dd/MM/yyyy HH:mm
2021-06-19 23:28:44 INFO  TaskService:94 - Enter End Date Time as dd/MM/yyyy HH:mm
2021-06-19 23:28:51 INFO  TaskService:121 - Enter Status
2021-06-19 23:28:54 INFO  TaskService:124 - Task has been created successfully with TaskId:103
2021-06-19 23:28:54 INFO  App:46 - Do you want to continue: y/n

2021-06-19 23:28:58 INFO  TaskService:33 - Please enter choice:
2021-06-19 23:28:58 INFO  TaskService:34 - 1.Create new task
2021-06-19 23:28:58 INFO  TaskService:35 - 2.Find task
2021-06-19 23:28:58 INFO  TaskService:36 - 3.Display all tasks
2021-06-19 23:28:58 INFO  TaskService:37 - 4.Delete task
2021-06-19 23:28:58 INFO  TaskService:38 - 5.Update task
2021-06-19 23:28:58 INFO  TaskService:39 - 6.Add Notes to task
2021-06-19 23:28:58 INFO  TaskService:40 - 7.Display Notes for task
2021-06-19 23:28:58 INFO  TaskService:41 - 8.Delete Notes for task
2021-06-19 23:28:58 INFO  TaskService:42 - 9.Update Notes in task
2021-06-19 23:28:58 INFO  TaskService:43 - 10.Exit
2021-06-19 23:29:01 INFO  App:46 - Do you want to continue: y/n

2021-06-19 23:29:07 INFO  App:49 - Thank You for using our Service
Adios Amigos

2021-06-19 23:53:19 INFO  App:46 - Do you want to continue: y/n
2021-06-20 00:27:14 INFO  App:19 - Hello, Welcome to Task Management Service

2021-06-20 00:27:14 INFO  TaskService:33 - Please enter choice:
2021-06-20 00:27:14 INFO  TaskService:34 - 1.Create new task
2021-06-20 00:27:14 INFO  TaskService:35 - 2.Find task
2021-06-20 00:27:14 INFO  TaskService:36 - 3.Display all tasks
2021-06-20 00:27:14 INFO  TaskService:37 - 4.Delete task
2021-06-20 00:27:14 INFO  TaskService:38 - 5.Update task
2021-06-20 00:27:14 INFO  TaskService:39 - 6.Add Notes to task
2021-06-20 00:27:14 INFO  TaskService:40 - 7.Display Notes for task
2021-06-20 00:27:14 INFO  TaskService:41 - 8.Delete Notes for task
2021-06-20 00:27:14 INFO  TaskService:42 - 9.Update Notes in task
2021-06-20 00:27:14 INFO  TaskService:43 - 10.Exit
2021-06-20 00:27:19 INFO  TaskService:88 - Enter Task Title:
2021-06-20 00:27:26 INFO  TaskService:92 - Enter Start Date Time as dd/MM/yyyy HH:mm
2021-06-20 00:27:36 INFO  TaskService:94 - Enter End Date Time as dd/MM/yyyy HH:mm
2021-06-20 00:27:49 INFO  TaskService:121 - Enter Status
2021-06-20 00:27:55 INFO  TaskService:124 - Task has been created successfully with TaskId:101
2021-06-20 00:27:55 INFO  App:46 - Do you want to continue: y/n

2021-06-20 00:27:57 INFO  TaskService:33 - Please enter choice:
2021-06-20 00:27:57 INFO  TaskService:34 - 1.Create new task
2021-06-20 00:27:57 INFO  TaskService:35 - 2.Find task
2021-06-20 00:27:57 INFO  TaskService:36 - 3.Display all tasks
2021-06-20 00:27:57 INFO  TaskService:37 - 4.Delete task
2021-06-20 00:27:57 INFO  TaskService:38 - 5.Update task
2021-06-20 00:27:57 INFO  TaskService:39 - 6.Add Notes to task
2021-06-20 00:27:57 INFO  TaskService:40 - 7.Display Notes for task
2021-06-20 00:27:57 INFO  TaskService:41 - 8.Delete Notes for task
2021-06-20 00:27:57 INFO  TaskService:42 - 9.Update Notes in task
2021-06-20 00:27:57 INFO  TaskService:43 - 10.Exit
2021-06-20 00:27:59 INFO  TaskService:88 - Enter Task Title:
2021-06-20 00:28:02 INFO  TaskService:92 - Enter Start Date Time as dd/MM/yyyy HH:mm
2021-06-20 00:28:11 INFO  TaskService:94 - Enter End Date Time as dd/MM/yyyy HH:mm
2021-06-20 00:28:17 INFO  TaskService:121 - Enter Status
2021-06-20 00:28:21 INFO  TaskService:124 - Task has been created successfully with TaskId:102
2021-06-20 00:28:21 INFO  App:46 - Do you want to continue: y/n

2021-06-20 00:28:23 INFO  TaskService:33 - Please enter choice:
2021-06-20 00:28:23 INFO  TaskService:34 - 1.Create new task
2021-06-20 00:28:23 INFO  TaskService:35 - 2.Find task
2021-06-20 00:28:23 INFO  TaskService:36 - 3.Display all tasks
2021-06-20 00:28:23 INFO  TaskService:37 - 4.Delete task
2021-06-20 00:28:23 INFO  TaskService:38 - 5.Update task
2021-06-20 00:28:23 INFO  TaskService:39 - 6.Add Notes to task
2021-06-20 00:28:23 INFO  TaskService:40 - 7.Display Notes for task
2021-06-20 00:28:23 INFO  TaskService:41 - 8.Delete Notes for task
2021-06-20 00:28:23 INFO  TaskService:42 - 9.Update Notes in task
2021-06-20 00:28:23 INFO  TaskService:43 - 10.Exit
2021-06-20 00:28:26 INFO  TaskService:88 - Enter Task Title:
2021-06-20 00:28:32 INFO  TaskService:92 - Enter Start Date Time as dd/MM/yyyy HH:mm
2021-06-20 00:28:39 INFO  TaskService:94 - Enter End Date Time as dd/MM/yyyy HH:mm
2021-06-20 00:28:49 INFO  TaskService:121 - Enter Status
2021-06-20 00:28:56 INFO  TaskService:124 - Task has been created successfully with TaskId:103
2021-06-20 00:28:56 INFO  App:46 - Do you want to continue: y/n

2021-06-20 00:29:13 INFO  TaskService:33 - Please enter choice:
2021-06-20 00:29:13 INFO  TaskService:34 - 1.Create new task
2021-06-20 00:29:13 INFO  TaskService:35 - 2.Find task
2021-06-20 00:29:13 INFO  TaskService:36 - 3.Display all tasks
2021-06-20 00:29:13 INFO  TaskService:37 - 4.Delete task
2021-06-20 00:29:13 INFO  TaskService:38 - 5.Update task
2021-06-20 00:29:13 INFO  TaskService:39 - 6.Add Notes to task
2021-06-20 00:29:13 INFO  TaskService:40 - 7.Display Notes for task
2021-06-20 00:29:13 INFO  TaskService:41 - 8.Delete Notes for task
2021-06-20 00:29:13 INFO  TaskService:42 - 9.Update Notes in task
2021-06-20 00:29:13 INFO  TaskService:43 - 10.Exit
2021-06-20 00:29:15 INFO  App:46 - Do you want to continue: y/n

2021-06-20 00:29:26 INFO  TaskService:33 - Please enter choice:
2021-06-20 00:29:26 INFO  TaskService:34 - 1.Create new task
2021-06-20 00:29:26 INFO  TaskService:35 - 2.Find task
2021-06-20 00:29:26 INFO  TaskService:36 - 3.Display all tasks
2021-06-20 00:29:26 INFO  TaskService:37 - 4.Delete task
2021-06-20 00:29:26 INFO  TaskService:38 - 5.Update task
2021-06-20 00:29:26 INFO  TaskService:39 - 6.Add Notes to task
2021-06-20 00:29:26 INFO  TaskService:40 - 7.Display Notes for task
2021-06-20 00:29:26 INFO  TaskService:41 - 8.Delete Notes for task
2021-06-20 00:29:26 INFO  TaskService:42 - 9.Update Notes in task
2021-06-20 00:29:26 INFO  TaskService:43 - 10.Exit
2021-06-20 00:29:30 INFO  TaskService:141 - Enter Task Id
2021-06-20 00:29:34 INFO  TaskService:204 - Enter choice please.
2021-06-20 00:29:34 INFO  TaskService:205 - 1.To edit Task Title
2021-06-20 00:29:34 INFO  TaskService:206 - 2.To edit Task DateTime
2021-06-20 00:29:34 INFO  TaskService:207 - 3.To edit Task Status
2021-06-20 01:03:18 INFO  App:19 - Hello, Welcome to Task Management Service

2021-06-20 01:03:19 INFO  TaskService:33 - Please enter choice:
2021-06-20 01:03:19 INFO  TaskService:34 - 1.Create new task
2021-06-20 01:03:19 INFO  TaskService:35 - 2.Find task
2021-06-20 01:03:19 INFO  TaskService:36 - 3.Display all tasks
2021-06-20 01:03:19 INFO  TaskService:37 - 4.Delete task
2021-06-20 01:03:19 INFO  TaskService:38 - 5.Update task
2021-06-20 01:03:19 INFO  TaskService:39 - 6.Add Notes to task
2021-06-20 01:03:19 INFO  TaskService:40 - 7.Display Notes for task
2021-06-20 01:03:19 INFO  TaskService:41 - 8.Delete Notes for task
2021-06-20 01:03:19 INFO  TaskService:42 - 9.Update Notes in task
2021-06-20 01:03:19 INFO  TaskService:43 - 10.Exit
2021-06-20 01:03:22 INFO  TaskService:88 - Enter Task Title:
2021-06-20 01:03:29 INFO  TaskService:92 - Enter Start Date Time as dd/MM/yyyy HH:mm
2021-06-20 01:03:44 INFO  TaskService:94 - Enter End Date Time as dd/MM/yyyy HH:mm
2021-06-20 01:03:52 INFO  TaskService:121 - Enter Status
2021-06-20 01:03:56 INFO  TaskService:124 - Task has been created successfully with TaskId:101
2021-06-20 01:03:56 INFO  App:46 - Do you want to continue: y/n

2021-06-20 01:03:59 INFO  TaskService:33 - Please enter choice:
2021-06-20 01:03:59 INFO  TaskService:34 - 1.Create new task
2021-06-20 01:03:59 INFO  TaskService:35 - 2.Find task
2021-06-20 01:03:59 INFO  TaskService:36 - 3.Display all tasks
2021-06-20 01:03:59 INFO  TaskService:37 - 4.Delete task
2021-06-20 01:03:59 INFO  TaskService:38 - 5.Update task
2021-06-20 01:03:59 INFO  TaskService:39 - 6.Add Notes to task
2021-06-20 01:03:59 INFO  TaskService:40 - 7.Display Notes for task
2021-06-20 01:03:59 INFO  TaskService:41 - 8.Delete Notes for task
2021-06-20 01:03:59 INFO  TaskService:42 - 9.Update Notes in task
2021-06-20 01:03:59 INFO  TaskService:43 - 10.Exit
2021-06-20 01:04:03 INFO  TaskService:141 - Enter Task Id
2021-06-20 01:04:05 INFO  TaskService:204 - Enter choice please.
2021-06-20 01:04:05 INFO  TaskService:205 - 1.To edit Task Title
2021-06-20 01:04:05 INFO  TaskService:206 - 2.To edit Task DateTime
2021-06-20 01:04:05 INFO  TaskService:207 - 3.To edit Task Status
2021-06-20 01:04:08 INFO  TaskService:220 - Enter new Start Date Time as dd/MM/yyyy HH:mm
2021-06-20 01:04:26 INFO  TaskService:222 - Enter new End Date Time as dd/MM/yyyy HH:mm
2021-06-20 01:04:37 INFO  TaskService:251 - Task Date Time has been updated successfully
2021-06-20 01:04:37 INFO  App:46 - Do you want to continue: y/n

2021-06-20 01:04:41 INFO  TaskService:33 - Please enter choice:
2021-06-20 01:04:41 INFO  TaskService:34 - 1.Create new task
2021-06-20 01:04:41 INFO  TaskService:35 - 2.Find task
2021-06-20 01:04:41 INFO  TaskService:36 - 3.Display all tasks
2021-06-20 01:04:41 INFO  TaskService:37 - 4.Delete task
2021-06-20 01:04:41 INFO  TaskService:38 - 5.Update task
2021-06-20 01:04:41 INFO  TaskService:39 - 6.Add Notes to task
2021-06-20 01:04:41 INFO  TaskService:40 - 7.Display Notes for task
2021-06-20 01:04:41 INFO  TaskService:41 - 8.Delete Notes for task
2021-06-20 01:04:41 INFO  TaskService:42 - 9.Update Notes in task
2021-06-20 01:04:41 INFO  TaskService:43 - 10.Exit
2021-06-20 01:04:44 INFO  App:46 - Do you want to continue: y/n

2021-06-20 01:04:59 INFO  TaskService:33 - Please enter choice:
2021-06-20 01:04:59 INFO  TaskService:34 - 1.Create new task
2021-06-20 01:04:59 INFO  TaskService:35 - 2.Find task
2021-06-20 01:04:59 INFO  TaskService:36 - 3.Display all tasks
2021-06-20 01:04:59 INFO  TaskService:37 - 4.Delete task
2021-06-20 01:04:59 INFO  TaskService:38 - 5.Update task
2021-06-20 01:04:59 INFO  TaskService:39 - 6.Add Notes to task
2021-06-20 01:04:59 INFO  TaskService:40 - 7.Display Notes for task
2021-06-20 01:04:59 INFO  TaskService:41 - 8.Delete Notes for task
2021-06-20 01:04:59 INFO  TaskService:42 - 9.Update Notes in task
2021-06-20 01:04:59 INFO  TaskService:43 - 10.Exit
2021-06-20 01:05:07 INFO  TaskService:141 - Enter Task Id
2021-06-20 01:05:09 INFO  TaskService:204 - Enter choice please.
2021-06-20 01:05:09 INFO  TaskService:205 - 1.To edit Task Title
2021-06-20 01:05:09 INFO  TaskService:206 - 2.To edit Task DateTime
2021-06-20 01:05:09 INFO  TaskService:207 - 3.To edit Task Status
2021-06-20 01:05:13 INFO  TaskService:220 - Enter new Start Date Time as dd/MM/yyyy HH:mm
2021-06-20 01:05:24 INFO  TaskService:222 - Enter new End Date Time as dd/MM/yyyy HH:mm
2021-06-20 01:05:32 INFO  TaskService:233 - Time slot is already occupied.
2021-06-20 01:05:32 INFO  TaskService:234 - Enter new Start Date Time as dd/MM/yyyy HH:mm
2021-06-21 12:47:31 INFO  App:19 - Hello, Welcome to Task Management Service

2021-06-21 12:47:31 INFO  TaskService:33 - Please enter choice:
2021-06-21 12:47:31 INFO  TaskService:34 - 1.Create new task
2021-06-21 12:47:31 INFO  TaskService:35 - 2.Find task
2021-06-21 12:47:31 INFO  TaskService:36 - 3.Display all tasks
2021-06-21 12:47:31 INFO  TaskService:37 - 4.Delete task
2021-06-21 12:47:31 INFO  TaskService:38 - 5.Update task
2021-06-21 12:47:31 INFO  TaskService:39 - 6.Add Notes to task
2021-06-21 12:47:31 INFO  TaskService:40 - 7.Display Notes for task
2021-06-21 12:47:31 INFO  TaskService:41 - 8.Delete Notes for task
2021-06-21 12:47:31 INFO  TaskService:42 - 9.Update Notes in task
2021-06-21 12:47:31 INFO  TaskService:43 - 10.Exit
2021-06-21 12:47:50 INFO  TaskService:88 - Enter Task Title:
2021-06-21 12:48:04 INFO  TaskService:92 - Enter Start Date Time as dd/MM/yyyy HH:mm
2021-06-21 12:48:14 INFO  TaskService:94 - Enter End Date Time as dd/MM/yyyy HH:mm
2021-06-21 12:48:24 INFO  TaskService:121 - Enter Status
2021-06-21 12:48:27 INFO  TaskService:124 - Task has been created successfully with TaskId:101
2021-06-21 12:48:27 INFO  App:46 - Do you want to continue: y/n

2021-06-21 12:48:29 INFO  TaskService:33 - Please enter choice:
2021-06-21 12:48:29 INFO  TaskService:34 - 1.Create new task
2021-06-21 12:48:29 INFO  TaskService:35 - 2.Find task
2021-06-21 12:48:29 INFO  TaskService:36 - 3.Display all tasks
2021-06-21 12:48:29 INFO  TaskService:37 - 4.Delete task
2021-06-21 12:48:29 INFO  TaskService:38 - 5.Update task
2021-06-21 12:48:29 INFO  TaskService:39 - 6.Add Notes to task
2021-06-21 12:48:29 INFO  TaskService:40 - 7.Display Notes for task
2021-06-21 12:48:29 INFO  TaskService:41 - 8.Delete Notes for task
2021-06-21 12:48:29 INFO  TaskService:42 - 9.Update Notes in task
2021-06-21 12:48:29 INFO  TaskService:43 - 10.Exit
2021-06-21 12:48:31 INFO  TaskService:88 - Enter Task Title:
2021-06-21 12:48:34 INFO  TaskService:92 - Enter Start Date Time as dd/MM/yyyy HH:mm
2021-06-21 12:48:59 INFO  TaskService:94 - Enter End Date Time as dd/MM/yyyy HH:mm
2021-06-21 12:49:07 INFO  TaskService:121 - Enter Status
2021-06-21 12:49:12 INFO  TaskService:124 - Task has been created successfully with TaskId:102
2021-06-21 12:49:12 INFO  App:46 - Do you want to continue: y/n

2021-06-21 12:49:16 INFO  TaskService:33 - Please enter choice:
2021-06-21 12:49:16 INFO  TaskService:34 - 1.Create new task
2021-06-21 12:49:16 INFO  TaskService:35 - 2.Find task
2021-06-21 12:49:16 INFO  TaskService:36 - 3.Display all tasks
2021-06-21 12:49:16 INFO  TaskService:37 - 4.Delete task
2021-06-21 12:49:16 INFO  TaskService:38 - 5.Update task
2021-06-21 12:49:16 INFO  TaskService:39 - 6.Add Notes to task
2021-06-21 12:49:16 INFO  TaskService:40 - 7.Display Notes for task
2021-06-21 12:49:16 INFO  TaskService:41 - 8.Delete Notes for task
2021-06-21 12:49:16 INFO  TaskService:42 - 9.Update Notes in task
2021-06-21 12:49:16 INFO  TaskService:43 - 10.Exit
2021-06-21 12:49:19 INFO  TaskService:88 - Enter Task Title:
2021-06-21 12:49:25 INFO  TaskService:92 - Enter Start Date Time as dd/MM/yyyy HH:mm
2021-06-21 12:49:33 INFO  TaskService:94 - Enter End Date Time as dd/MM/yyyy HH:mm
2021-06-21 12:49:40 INFO  TaskService:121 - Enter Status
2021-06-21 12:49:44 INFO  TaskService:124 - Task has been created successfully with TaskId:103
2021-06-21 12:49:44 INFO  App:46 - Do you want to continue: y/n

2021-06-21 12:49:46 INFO  TaskService:33 - Please enter choice:
2021-06-21 12:49:46 INFO  TaskService:34 - 1.Create new task
2021-06-21 12:49:46 INFO  TaskService:35 - 2.Find task
2021-06-21 12:49:46 INFO  TaskService:36 - 3.Display all tasks
2021-06-21 12:49:46 INFO  TaskService:37 - 4.Delete task
2021-06-21 12:49:46 INFO  TaskService:38 - 5.Update task
2021-06-21 12:49:46 INFO  TaskService:39 - 6.Add Notes to task
2021-06-21 12:49:46 INFO  TaskService:40 - 7.Display Notes for task
2021-06-21 12:49:46 INFO  TaskService:41 - 8.Delete Notes for task
2021-06-21 12:49:46 INFO  TaskService:42 - 9.Update Notes in task
2021-06-21 12:49:46 INFO  TaskService:43 - 10.Exit
2021-06-21 12:50:11 INFO  TaskService:88 - Enter Task Title:
2021-06-21 12:50:16 INFO  TaskService:92 - Enter Start Date Time as dd/MM/yyyy HH:mm
2021-06-21 12:50:23 INFO  TaskService:94 - Enter End Date Time as dd/MM/yyyy HH:mm
2021-06-21 12:50:34 INFO  TaskService:121 - Enter Status
2021-06-21 12:50:36 INFO  TaskService:124 - Task has been created successfully with TaskId:104
2021-06-21 12:50:36 INFO  App:46 - Do you want to continue: y/n

2021-06-21 12:50:38 INFO  TaskService:33 - Please enter choice:
2021-06-21 12:50:38 INFO  TaskService:34 - 1.Create new task
2021-06-21 12:50:38 INFO  TaskService:35 - 2.Find task
2021-06-21 12:50:38 INFO  TaskService:36 - 3.Display all tasks
2021-06-21 12:50:38 INFO  TaskService:37 - 4.Delete task
2021-06-21 12:50:38 INFO  TaskService:38 - 5.Update task
2021-06-21 12:50:38 INFO  TaskService:39 - 6.Add Notes to task
2021-06-21 12:50:38 INFO  TaskService:40 - 7.Display Notes for task
2021-06-21 12:50:38 INFO  TaskService:41 - 8.Delete Notes for task
2021-06-21 12:50:38 INFO  TaskService:42 - 9.Update Notes in task
2021-06-21 12:50:38 INFO  TaskService:43 - 10.Exit
2021-06-21 12:50:41 INFO  App:46 - Do you want to continue: y/n

2021-06-21 12:52:57 INFO  App:49 - Thank You for using our Service
Adios Amigos

2021-06-21 13:06:15 INFO  App:19 - Hello, Welcome to Task Management Service

2021-06-21 13:06:15 INFO  TaskService:33 - Please enter choice:
2021-06-21 13:06:15 INFO  TaskService:34 - 1.Create new task
2021-06-21 13:06:15 INFO  TaskService:35 - 2.Find task
2021-06-21 13:06:15 INFO  TaskService:36 - 3.Display all tasks
2021-06-21 13:06:15 INFO  TaskService:37 - 4.Delete task
2021-06-21 13:06:15 INFO  TaskService:38 - 5.Update task
2021-06-21 13:06:15 INFO  TaskService:39 - 6.Add Notes to task
2021-06-21 13:06:15 INFO  TaskService:40 - 7.Display Notes for task
2021-06-21 13:06:15 INFO  TaskService:41 - 8.Delete Notes for task
2021-06-21 13:06:15 INFO  TaskService:42 - 9.Update Notes in task
2021-06-21 13:06:15 INFO  TaskService:43 - 10.Exit
2021-06-21 13:06:17 INFO  App:38 - 1
2021-06-21 13:06:17 INFO  TaskService:88 - Enter Task Title:
2021-06-21 13:06:49 INFO  TaskService:91 - Breakfast
2021-06-21 13:06:49 INFO  TaskService:93 - Enter Start Date Time as dd/MM/yyyy HH:mm
2021-06-21 13:07:16 INFO  TaskService:95 - 2021-06-21T10:00
2021-06-21 13:07:16 INFO  TaskService:96 - Enter End Date Time as dd/MM/yyyy HH:mm
2021-06-21 13:07:31 INFO  TaskService:98 - 2021-06-21T12:00
2021-06-21 13:07:31 INFO  TaskService:130 - Enter Status
2021-06-21 13:07:37 INFO  TaskService:133 - done
2021-06-21 13:07:37 INFO  TaskService:135 - Task has been created successfully with TaskId:101
2021-06-21 13:07:37 INFO  App:47 - Do you want to continue: y/n

2021-06-21 13:07:39 INFO  App:49 - true
2021-06-21 13:07:39 INFO  TaskService:33 - Please enter choice:
2021-06-21 13:07:39 INFO  TaskService:34 - 1.Create new task
2021-06-21 13:07:39 INFO  TaskService:35 - 2.Find task
2021-06-21 13:07:39 INFO  TaskService:36 - 3.Display all tasks
2021-06-21 13:07:39 INFO  TaskService:37 - 4.Delete task
2021-06-21 13:07:39 INFO  TaskService:38 - 5.Update task
2021-06-21 13:07:39 INFO  TaskService:39 - 6.Add Notes to task
2021-06-21 13:07:39 INFO  TaskService:40 - 7.Display Notes for task
2021-06-21 13:07:39 INFO  TaskService:41 - 8.Delete Notes for task
2021-06-21 13:07:39 INFO  TaskService:42 - 9.Update Notes in task
2021-06-21 13:07:39 INFO  TaskService:43 - 10.Exit
2021-06-21 13:07:48 INFO  App:38 - 3
2021-06-21 13:07:48 INFO  App:47 - Do you want to continue: y/n

2021-06-21 13:12:44 INFO  App:19 - Hello, Welcome to Task Management Service

2021-06-21 13:12:44 INFO  TaskService:33 - Please enter choice:
2021-06-21 13:12:44 INFO  TaskService:34 - 1.Create new task
2021-06-21 13:12:44 INFO  TaskService:35 - 2.Find task
2021-06-21 13:12:44 INFO  TaskService:36 - 3.Display all tasks
2021-06-21 13:12:44 INFO  TaskService:37 - 4.Delete task
2021-06-21 13:12:44 INFO  TaskService:38 - 5.Update task
2021-06-21 13:12:44 INFO  TaskService:39 - 6.Add Notes to task
2021-06-21 13:12:44 INFO  TaskService:40 - 7.Display Notes for task
2021-06-21 13:12:44 INFO  TaskService:41 - 8.Delete Notes for task
2021-06-21 13:12:44 INFO  TaskService:42 - 9.Update Notes in task
2021-06-21 13:12:44 INFO  TaskService:43 - 10.Exit
2021-06-21 13:12:47 INFO  App:38 - 1
2021-06-21 13:12:47 INFO  TaskService:88 - Enter Task Title:
2021-06-21 13:12:57 INFO  TaskService:91 - Breakfast
2021-06-21 13:12:57 INFO  TaskService:93 - Enter Start Date Time as dd/MM/yyyy HH:mm
2021-06-21 13:14:49 INFO  App:19 - Hello, Welcome to Task Management Service

2021-06-21 13:14:49 INFO  TaskService:33 - Please enter choice:
2021-06-21 13:14:49 INFO  TaskService:34 - 1.Create new task
2021-06-21 13:14:49 INFO  TaskService:35 - 2.Find task
2021-06-21 13:14:49 INFO  TaskService:36 - 3.Display all tasks
2021-06-21 13:14:49 INFO  TaskService:37 - 4.Delete task
2021-06-21 13:14:49 INFO  TaskService:38 - 5.Update task
2021-06-21 13:14:49 INFO  TaskService:39 - 6.Add Notes to task
2021-06-21 13:14:49 INFO  TaskService:40 - 7.Display Notes for task
2021-06-21 13:14:49 INFO  TaskService:41 - 8.Delete Notes for task
2021-06-21 13:14:49 INFO  TaskService:42 - 9.Update Notes in task
2021-06-21 13:14:49 INFO  TaskService:43 - 10.Exit
2021-06-21 13:14:51 INFO  App:38 - 1
2021-06-21 13:14:51 INFO  TaskService:88 - Enter Task Title:
2021-06-21 13:14:56 INFO  TaskService:91 - Breakfast
2021-06-21 13:14:56 INFO  TaskService:93 - Enter Start Date Time as dd/MM/yyyy HH:mm
2021-06-21 13:15:03 INFO  TaskService:95 - 2021-06-21T10:00
2021-06-21 13:15:03 INFO  TaskService:96 - Enter End Date Time as dd/MM/yyyy HH:mm
2021-06-21 13:15:10 INFO  TaskService:98 - 2021-06-21T12:00
2021-06-21 13:15:10 INFO  TaskService:130 - Enter Status
2021-06-21 13:15:13 INFO  TaskService:133 - active
2021-06-21 13:15:13 INFO  TaskService:135 - Task has been created successfully with TaskId:101
2021-06-21 13:15:13 INFO  App:47 - Do you want to continue: y/n

2021-06-21 13:15:26 INFO  App:49 - true
2021-06-21 13:15:26 INFO  TaskService:33 - Please enter choice:
2021-06-21 13:15:26 INFO  TaskService:34 - 1.Create new task
2021-06-21 13:15:26 INFO  TaskService:35 - 2.Find task
2021-06-21 13:15:26 INFO  TaskService:36 - 3.Display all tasks
2021-06-21 13:15:26 INFO  TaskService:37 - 4.Delete task
2021-06-21 13:15:26 INFO  TaskService:38 - 5.Update task
2021-06-21 13:15:26 INFO  TaskService:39 - 6.Add Notes to task
2021-06-21 13:15:26 INFO  TaskService:40 - 7.Display Notes for task
2021-06-21 13:15:26 INFO  TaskService:41 - 8.Delete Notes for task
2021-06-21 13:15:26 INFO  TaskService:42 - 9.Update Notes in task
2021-06-21 13:15:26 INFO  TaskService:43 - 10.Exit
2021-06-21 13:15:35 INFO  App:38 - 1
2021-06-21 13:15:35 INFO  TaskService:88 - Enter Task Title:
2021-06-21 13:15:38 INFO  TaskService:91 - lunch
2021-06-21 13:15:38 INFO  TaskService:93 - Enter Start Date Time as dd/MM/yyyy HH:mm
2021-06-21 13:15:46 INFO  TaskService:95 - 2021-06-21T14:00
2021-06-21 13:15:46 INFO  TaskService:96 - Enter End Date Time as dd/MM/yyyy HH:mm
2021-06-21 13:15:53 INFO  TaskService:98 - 2021-06-21T17:00
2021-06-21 13:15:53 INFO  TaskService:130 - Enter Status
2021-06-21 13:15:58 INFO  TaskService:133 - active
2021-06-21 13:15:58 INFO  TaskService:135 - Task has been created successfully with TaskId:102
2021-06-21 13:15:58 INFO  App:47 - Do you want to continue: y/n

2021-06-21 13:16:02 INFO  App:49 - true
2021-06-21 13:16:02 INFO  TaskService:33 - Please enter choice:
2021-06-21 13:16:02 INFO  TaskService:34 - 1.Create new task
2021-06-21 13:16:02 INFO  TaskService:35 - 2.Find task
2021-06-21 13:16:02 INFO  TaskService:36 - 3.Display all tasks
2021-06-21 13:16:02 INFO  TaskService:37 - 4.Delete task
2021-06-21 13:16:02 INFO  TaskService:38 - 5.Update task
2021-06-21 13:16:02 INFO  TaskService:39 - 6.Add Notes to task
2021-06-21 13:16:02 INFO  TaskService:40 - 7.Display Notes for task
2021-06-21 13:16:02 INFO  TaskService:41 - 8.Delete Notes for task
2021-06-21 13:16:02 INFO  TaskService:42 - 9.Update Notes in task
2021-06-21 13:16:02 INFO  TaskService:43 - 10.Exit
2021-06-21 13:16:03 INFO  App:38 - 1
2021-06-21 13:16:03 INFO  TaskService:88 - Enter Task Title:
2021-06-21 13:16:09 INFO  TaskService:91 - dinner
2021-06-21 13:16:09 INFO  TaskService:93 - Enter Start Date Time as dd/MM/yyyy HH:mm
2021-06-21 13:16:16 INFO  TaskService:95 - 2021-06-21T20:00
2021-06-21 13:16:16 INFO  TaskService:96 - Enter End Date Time as dd/MM/yyyy HH:mm
2021-06-21 13:16:24 INFO  TaskService:98 - 2021-06-21T22:00
2021-06-21 13:16:24 INFO  TaskService:130 - Enter Status
2021-06-21 13:16:31 INFO  TaskService:133 - active
2021-06-21 13:16:31 INFO  TaskService:135 - Task has been created successfully with TaskId:103
2021-06-21 13:16:31 INFO  App:47 - Do you want to continue: y/n

2021-06-21 13:16:34 INFO  App:49 - true
2021-06-21 13:16:34 INFO  TaskService:33 - Please enter choice:
2021-06-21 13:16:34 INFO  TaskService:34 - 1.Create new task
2021-06-21 13:16:34 INFO  TaskService:35 - 2.Find task
2021-06-21 13:16:34 INFO  TaskService:36 - 3.Display all tasks
2021-06-21 13:16:34 INFO  TaskService:37 - 4.Delete task
2021-06-21 13:16:34 INFO  TaskService:38 - 5.Update task
2021-06-21 13:16:34 INFO  TaskService:39 - 6.Add Notes to task
2021-06-21 13:16:34 INFO  TaskService:40 - 7.Display Notes for task
2021-06-21 13:16:34 INFO  TaskService:41 - 8.Delete Notes for task
2021-06-21 13:16:34 INFO  TaskService:42 - 9.Update Notes in task
2021-06-21 13:16:34 INFO  TaskService:43 - 10.Exit
2021-06-21 13:16:37 INFO  App:38 - 3
2021-06-21 13:16:37 INFO  App:47 - Do you want to continue: y/n

2021-06-21 13:16:43 INFO  App:49 - true
2021-06-21 13:16:43 INFO  TaskService:33 - Please enter choice:
2021-06-21 13:16:43 INFO  TaskService:34 - 1.Create new task
2021-06-21 13:16:43 INFO  TaskService:35 - 2.Find task
2021-06-21 13:16:43 INFO  TaskService:36 - 3.Display all tasks
2021-06-21 13:16:43 INFO  TaskService:37 - 4.Delete task
2021-06-21 13:16:43 INFO  TaskService:38 - 5.Update task
2021-06-21 13:16:43 INFO  TaskService:39 - 6.Add Notes to task
2021-06-21 13:16:43 INFO  TaskService:40 - 7.Display Notes for task
2021-06-21 13:16:43 INFO  TaskService:41 - 8.Delete Notes for task
2021-06-21 13:16:43 INFO  TaskService:42 - 9.Update Notes in task
2021-06-21 13:16:43 INFO  TaskService:43 - 10.Exit
2021-06-21 13:16:45 INFO  App:38 - 102
2021-06-21 13:16:45 INFO  App:42 - Wrong Choice Made

2021-06-21 13:16:45 INFO  App:47 - Do you want to continue: y/n

2021-06-21 13:16:50 INFO  App:49 - true
2021-06-21 13:16:50 INFO  TaskService:33 - Please enter choice:
2021-06-21 13:16:50 INFO  TaskService:34 - 1.Create new task
2021-06-21 13:16:50 INFO  TaskService:35 - 2.Find task
2021-06-21 13:16:51 INFO  TaskService:36 - 3.Display all tasks
2021-06-21 13:16:51 INFO  TaskService:37 - 4.Delete task
2021-06-21 13:16:51 INFO  TaskService:38 - 5.Update task
2021-06-21 13:16:51 INFO  TaskService:39 - 6.Add Notes to task
2021-06-21 13:16:51 INFO  TaskService:40 - 7.Display Notes for task
2021-06-21 13:16:51 INFO  TaskService:41 - 8.Delete Notes for task
2021-06-21 13:16:51 INFO  TaskService:42 - 9.Update Notes in task
2021-06-21 13:16:51 INFO  TaskService:43 - 10.Exit
2021-06-21 13:16:52 INFO  App:38 - 2
2021-06-21 13:16:52 INFO  TaskService:152 - Enter Task Id
2021-06-21 13:16:55 INFO  App:47 - Do you want to continue: y/n

2021-06-21 13:16:57 INFO  App:49 - true
2021-06-21 13:16:57 INFO  TaskService:33 - Please enter choice:
2021-06-21 13:16:57 INFO  TaskService:34 - 1.Create new task
2021-06-21 13:16:57 INFO  TaskService:35 - 2.Find task
2021-06-21 13:16:57 INFO  TaskService:36 - 3.Display all tasks
2021-06-21 13:16:57 INFO  TaskService:37 - 4.Delete task
2021-06-21 13:16:57 INFO  TaskService:38 - 5.Update task
2021-06-21 13:16:57 INFO  TaskService:39 - 6.Add Notes to task
2021-06-21 13:16:57 INFO  TaskService:40 - 7.Display Notes for task
2021-06-21 13:16:57 INFO  TaskService:41 - 8.Delete Notes for task
2021-06-21 13:16:57 INFO  TaskService:42 - 9.Update Notes in task
2021-06-21 13:16:57 INFO  TaskService:43 - 10.Exit
2021-06-21 13:17:01 INFO  App:38 - 5
2021-06-21 13:17:01 INFO  TaskService:152 - Enter Task Id
2021-06-21 13:17:03 INFO  TaskService:215 - Enter choice please.
2021-06-21 13:17:03 INFO  TaskService:216 - 1.To edit Task Title
2021-06-21 13:17:03 INFO  TaskService:217 - 2.To edit Task DateTime
2021-06-21 13:17:03 INFO  TaskService:218 - 3.To edit Task Status
2021-06-21 13:17:08 INFO  TaskService:221 - 2
2021-06-21 13:17:08 INFO  TaskService:232 - Enter new Start Date Time as dd/MM/yyyy HH:mm
2021-06-21 13:17:14 INFO  TaskService:234 - 2021-06-21T11:00
2021-06-21 13:17:14 INFO  TaskService:235 - Enter new End Date Time as dd/MM/yyyy HH:mm
2021-06-21 13:17:20 INFO  TaskService:237 - 2021-06-21T12:00
2021-06-21 13:17:20 INFO  TaskService:249 - Time slot is already occupied.
2021-06-21 13:17:20 INFO  TaskService:250 - Enter new Start Date Time as dd/MM/yyyy HH:mm
2021-06-21 13:17:46 INFO  TaskService:252 - 2021-06-21T09:00
2021-06-21 13:17:46 INFO  TaskService:253 - Enter new End Date Time as dd/MM/yyyy HH:mm
2021-06-21 13:17:52 INFO  TaskService:255 - 2021-06-21T10:00
2021-06-21 13:18:02 INFO  App:19 - Hello, Welcome to Task Management Service

2021-06-21 13:18:02 INFO  TaskService:33 - Please enter choice:
2021-06-21 13:18:02 INFO  TaskService:34 - 1.Create new task
2021-06-21 13:18:02 INFO  TaskService:35 - 2.Find task
2021-06-21 13:18:02 INFO  TaskService:36 - 3.Display all tasks
2021-06-21 13:18:02 INFO  TaskService:37 - 4.Delete task
2021-06-21 13:18:02 INFO  TaskService:38 - 5.Update task
2021-06-21 13:18:02 INFO  TaskService:39 - 6.Add Notes to task
2021-06-21 13:18:02 INFO  TaskService:40 - 7.Display Notes for task
2021-06-21 13:18:02 INFO  TaskService:41 - 8.Delete Notes for task
2021-06-21 13:18:02 INFO  TaskService:42 - 9.Update Notes in task
2021-06-21 13:18:02 INFO  TaskService:43 - 10.Exit
2021-06-21 13:18:09 INFO  App:38 - 1
2021-06-21 13:18:09 INFO  TaskService:88 - Enter Task Title:
2021-06-21 13:18:21 INFO  TaskService:91 - bf
2021-06-21 13:18:21 INFO  TaskService:93 - Enter Start Date Time as dd/MM/yyyy HH:mm
2021-06-21 13:18:27 INFO  TaskService:95 - 2021-06-21T10:00
2021-06-21 13:18:27 INFO  TaskService:96 - Enter End Date Time as dd/MM/yyyy HH:mm
2021-06-21 13:18:34 INFO  TaskService:98 - 2021-06-21T12:00
2021-06-21 13:18:34 INFO  TaskService:130 - Enter Status
2021-06-21 13:18:37 INFO  TaskService:133 - done
2021-06-21 13:18:37 INFO  TaskService:135 - Task has been created successfully with TaskId:101
2021-06-21 13:18:37 INFO  App:47 - Do you want to continue: y/n

2021-06-21 13:18:39 INFO  App:49 - true
2021-06-21 13:18:39 INFO  TaskService:33 - Please enter choice:
2021-06-21 13:18:39 INFO  TaskService:34 - 1.Create new task
2021-06-21 13:18:39 INFO  TaskService:35 - 2.Find task
2021-06-21 13:18:39 INFO  TaskService:36 - 3.Display all tasks
2021-06-21 13:18:39 INFO  TaskService:37 - 4.Delete task
2021-06-21 13:18:39 INFO  TaskService:38 - 5.Update task
2021-06-21 13:18:39 INFO  TaskService:39 - 6.Add Notes to task
2021-06-21 13:18:39 INFO  TaskService:40 - 7.Display Notes for task
2021-06-21 13:18:39 INFO  TaskService:41 - 8.Delete Notes for task
2021-06-21 13:18:39 INFO  TaskService:42 - 9.Update Notes in task
2021-06-21 13:18:39 INFO  TaskService:43 - 10.Exit
2021-06-21 13:18:40 INFO  App:38 - 1
2021-06-21 13:18:40 INFO  TaskService:88 - Enter Task Title:
2021-06-21 13:18:43 INFO  TaskService:91 - lunch
2021-06-21 13:18:43 INFO  TaskService:93 - Enter Start Date Time as dd/MM/yyyy HH:mm
2021-06-21 13:18:50 INFO  TaskService:95 - 2021-06-21T14:00
2021-06-21 13:18:50 INFO  TaskService:96 - Enter End Date Time as dd/MM/yyyy HH:mm
2021-06-21 13:18:56 INFO  TaskService:98 - 2021-06-21T16:00
2021-06-21 13:18:56 INFO  TaskService:130 - Enter Status
2021-06-21 13:19:31 INFO  TaskService:133 - active
2021-06-21 13:19:31 INFO  TaskService:135 - Task has been created successfully with TaskId:102
2021-06-21 13:19:31 INFO  App:47 - Do you want to continue: y/n

2021-06-21 13:19:33 INFO  App:49 - true
2021-06-21 13:19:33 INFO  TaskService:33 - Please enter choice:
2021-06-21 13:19:33 INFO  TaskService:34 - 1.Create new task
2021-06-21 13:19:33 INFO  TaskService:35 - 2.Find task
2021-06-21 13:19:33 INFO  TaskService:36 - 3.Display all tasks
2021-06-21 13:19:33 INFO  TaskService:37 - 4.Delete task
2021-06-21 13:19:33 INFO  TaskService:38 - 5.Update task
2021-06-21 13:19:33 INFO  TaskService:39 - 6.Add Notes to task
2021-06-21 13:19:33 INFO  TaskService:40 - 7.Display Notes for task
2021-06-21 13:19:33 INFO  TaskService:41 - 8.Delete Notes for task
2021-06-21 13:19:33 INFO  TaskService:42 - 9.Update Notes in task
2021-06-21 13:19:33 INFO  TaskService:43 - 10.Exit
2021-06-21 13:19:36 INFO  App:38 - 3
2021-06-21 13:19:36 INFO  App:47 - Do you want to continue: y/n

2021-06-21 13:19:37 INFO  App:49 - true
2021-06-21 13:19:37 INFO  TaskService:33 - Please enter choice:
2021-06-21 13:19:37 INFO  TaskService:34 - 1.Create new task
2021-06-21 13:19:37 INFO  TaskService:35 - 2.Find task
2021-06-21 13:19:37 INFO  TaskService:36 - 3.Display all tasks
2021-06-21 13:19:37 INFO  TaskService:37 - 4.Delete task
2021-06-21 13:19:37 INFO  TaskService:38 - 5.Update task
2021-06-21 13:19:37 INFO  TaskService:39 - 6.Add Notes to task
2021-06-21 13:19:37 INFO  TaskService:40 - 7.Display Notes for task
2021-06-21 13:19:37 INFO  TaskService:41 - 8.Delete Notes for task
2021-06-21 13:19:37 INFO  TaskService:42 - 9.Update Notes in task
2021-06-21 13:19:37 INFO  TaskService:43 - 10.Exit
2021-06-21 13:19:47 INFO  App:38 - 5
2021-06-21 13:19:47 INFO  TaskService:152 - Enter Task Id
2021-06-21 13:19:50 INFO  TaskService:215 - Enter choice please.
2021-06-21 13:19:50 INFO  TaskService:216 - 1.To edit Task Title
2021-06-21 13:19:50 INFO  TaskService:217 - 2.To edit Task DateTime
2021-06-21 13:19:50 INFO  TaskService:218 - 3.To edit Task Status
2021-06-21 13:19:57 INFO  TaskService:221 - 2
2021-06-21 13:19:57 INFO  TaskService:232 - Enter new Start Date Time as dd/MM/yyyy HH:mm
2021-06-21 13:20:11 INFO  TaskService:234 - 2021-06-21T10:30
2021-06-21 13:20:11 INFO  TaskService:235 - Enter new End Date Time as dd/MM/yyyy HH:mm
2021-06-21 13:20:18 INFO  TaskService:237 - 2021-06-21T11:30
2021-06-21 13:20:18 INFO  TaskService:249 - Time slot is already occupied.
2021-06-21 13:20:18 INFO  TaskService:250 - Enter new Start Date Time as dd/MM/yyyy HH:mm
2021-06-21 13:20:27 INFO  TaskService:252 - 2021-06-21T12:00
2021-06-21 13:20:27 INFO  TaskService:253 - Enter new End Date Time as dd/MM/yyyy HH:mm
2021-06-21 13:20:34 INFO  TaskService:255 - 2021-06-21T14:00
2021-06-21 13:20:34 INFO  TaskService:271 - Task Date Time has been updated successfully
2021-06-21 13:20:34 INFO  App:47 - Do you want to continue: y/n

2021-06-21 13:20:37 INFO  App:49 - true
2021-06-21 13:20:37 INFO  TaskService:33 - Please enter choice:
2021-06-21 13:20:37 INFO  TaskService:34 - 1.Create new task
2021-06-21 13:20:37 INFO  TaskService:35 - 2.Find task
2021-06-21 13:20:37 INFO  TaskService:36 - 3.Display all tasks
2021-06-21 13:20:37 INFO  TaskService:37 - 4.Delete task
2021-06-21 13:20:37 INFO  TaskService:38 - 5.Update task
2021-06-21 13:20:37 INFO  TaskService:39 - 6.Add Notes to task
2021-06-21 13:20:37 INFO  TaskService:40 - 7.Display Notes for task
2021-06-21 13:20:37 INFO  TaskService:41 - 8.Delete Notes for task
2021-06-21 13:20:37 INFO  TaskService:42 - 9.Update Notes in task
2021-06-21 13:20:37 INFO  TaskService:43 - 10.Exit
2021-06-21 13:20:40 INFO  App:38 - 6
2021-06-21 13:20:40 INFO  TaskService:152 - Enter Task Id
2021-06-21 13:20:42 INFO  TaskService:287 - Enter notes description
2021-06-21 13:21:03 INFO  TaskService:291 - Notes added successfully
2021-06-21 13:21:03 INFO  App:47 - Do you want to continue: y/n

2021-06-21 13:21:05 INFO  App:49 - true
2021-06-21 13:21:05 INFO  TaskService:33 - Please enter choice:
2021-06-21 13:21:05 INFO  TaskService:34 - 1.Create new task
2021-06-21 13:21:05 INFO  TaskService:35 - 2.Find task
2021-06-21 13:21:05 INFO  TaskService:36 - 3.Display all tasks
2021-06-21 13:21:05 INFO  TaskService:37 - 4.Delete task
2021-06-21 13:21:05 INFO  TaskService:38 - 5.Update task
2021-06-21 13:21:05 INFO  TaskService:39 - 6.Add Notes to task
2021-06-21 13:21:05 INFO  TaskService:40 - 7.Display Notes for task
2021-06-21 13:21:05 INFO  TaskService:41 - 8.Delete Notes for task
2021-06-21 13:21:05 INFO  TaskService:42 - 9.Update Notes in task
2021-06-21 13:21:05 INFO  TaskService:43 - 10.Exit
2021-06-21 13:21:08 INFO  App:38 - 3
2021-06-21 13:21:08 INFO  App:47 - Do you want to continue: y/n

2021-06-21 13:21:17 INFO  App:49 - true
2021-06-21 13:21:17 INFO  TaskService:33 - Please enter choice:
2021-06-21 13:21:17 INFO  TaskService:34 - 1.Create new task
2021-06-21 13:21:17 INFO  TaskService:35 - 2.Find task
2021-06-21 13:21:17 INFO  TaskService:36 - 3.Display all tasks
2021-06-21 13:21:17 INFO  TaskService:37 - 4.Delete task
2021-06-21 13:21:17 INFO  TaskService:38 - 5.Update task
2021-06-21 13:21:17 INFO  TaskService:39 - 6.Add Notes to task
2021-06-21 13:21:17 INFO  TaskService:40 - 7.Display Notes for task
2021-06-21 13:21:17 INFO  TaskService:41 - 8.Delete Notes for task
2021-06-21 13:21:17 INFO  TaskService:42 - 9.Update Notes in task
2021-06-21 13:21:17 INFO  TaskService:43 - 10.Exit
2021-06-21 13:21:19 INFO  App:38 - 9
2021-06-21 13:21:19 INFO  TaskService:152 - Enter Task Id
2021-06-21 13:21:22 INFO  TaskService:336 - Enter notes id
2021-06-21 13:21:26 INFO  TaskService:339 - 0
2021-06-21 13:21:26 WARN  NotesException:15 - Notes id not found
2021-06-21 13:21:26 INFO  TaskService:348 - com.epam.exception.NotesException
2021-06-21 13:21:26 INFO  App:47 - Do you want to continue: y/n

2021-06-21 13:21:29 INFO  App:49 - true
2021-06-21 13:21:29 INFO  TaskService:33 - Please enter choice:
2021-06-21 13:21:29 INFO  TaskService:34 - 1.Create new task
2021-06-21 13:21:29 INFO  TaskService:35 - 2.Find task
2021-06-21 13:21:29 INFO  TaskService:36 - 3.Display all tasks
2021-06-21 13:21:29 INFO  TaskService:37 - 4.Delete task
2021-06-21 13:21:29 INFO  TaskService:38 - 5.Update task
2021-06-21 13:21:29 INFO  TaskService:39 - 6.Add Notes to task
2021-06-21 13:21:29 INFO  TaskService:40 - 7.Display Notes for task
2021-06-21 13:21:29 INFO  TaskService:41 - 8.Delete Notes for task
2021-06-21 13:21:29 INFO  TaskService:42 - 9.Update Notes in task
2021-06-21 13:21:29 INFO  TaskService:43 - 10.Exit
2021-06-21 13:21:33 INFO  App:38 - 8
2021-06-21 13:21:33 INFO  TaskService:152 - Enter Task Id
2021-06-21 13:21:34 INFO  TaskService:318 - Enter the notes id to be deleted
2021-06-21 13:21:36 INFO  TaskService:321 - 1
2021-06-21 13:21:36 INFO  TaskService:324 - Note deleted successfully
2021-06-21 13:21:36 INFO  App:47 - Do you want to continue: y/n

2021-06-21 13:21:38 INFO  App:49 - true
2021-06-21 13:21:38 INFO  TaskService:33 - Please enter choice:
2021-06-21 13:21:38 INFO  TaskService:34 - 1.Create new task
2021-06-21 13:21:38 INFO  TaskService:35 - 2.Find task
2021-06-21 13:21:38 INFO  TaskService:36 - 3.Display all tasks
2021-06-21 13:21:38 INFO  TaskService:37 - 4.Delete task
2021-06-21 13:21:38 INFO  TaskService:38 - 5.Update task
2021-06-21 13:21:38 INFO  TaskService:39 - 6.Add Notes to task
2021-06-21 13:21:38 INFO  TaskService:40 - 7.Display Notes for task
2021-06-21 13:21:38 INFO  TaskService:41 - 8.Delete Notes for task
2021-06-21 13:21:38 INFO  TaskService:42 - 9.Update Notes in task
2021-06-21 13:21:38 INFO  TaskService:43 - 10.Exit
